[debug] [2023-06-08T11:51:49.935Z] ----------------------------------------------------------------------
[debug] [2023-06-08T11:51:49.936Z] Command:       C:\Program Files\nodejs\node.exe C:\Users\Sankula sivaiah\AppData\Roaming\npm\node_modules\firebase-tools\lib\bin\firebase.js init
[debug] [2023-06-08T11:51:49.937Z] CLI Version:   12.3.1
[debug] [2023-06-08T11:51:49.937Z] Platform:      win32
[debug] [2023-06-08T11:51:49.937Z] Node Version:  v18.15.0
[debug] [2023-06-08T11:51:49.940Z] Time:          Thu Jun 08 2023 17:21:49 GMT+0530 (India Standard Time)
[debug] [2023-06-08T11:51:49.940Z] ----------------------------------------------------------------------
[debug] 
[debug] [2023-06-08T11:51:49.951Z] > command requires scopes: ["email","openid","https://www.googleapis.com/auth/cloudplatformprojects.readonly","https://www.googleapis.com/auth/firebase","https://www.googleapis.com/auth/cloud-platform"]
[debug] [2023-06-08T11:51:49.952Z] > authorizing via signed-in user (sivaiah.sankula@xcubelabs.com)
[info] 
     ######## #### ########  ######## ########     ###     ######  ########
     ##        ##  ##     ## ##       ##     ##  ##   ##  ##       ##
     ######    ##  ########  ######   ########  #########  ######  ######
     ##        ##  ##    ##  ##       ##     ## ##     ##       ## ##
     ##       #### ##     ## ######## ########  ##     ##  ######  ########

You're about to initialize a Firebase project in this directory:

  C:\Users\Sankula sivaiah\OneDrive\Desktop\React\gameUpshot\game

[info] 
=== Project Setup
[info] 
[info] First, let's associate this project directory with a Firebase project.
[info] You can create multiple project aliases by running firebase use --add, 
[info] but for now we'll just set up a default project.
[info] 
[debug] [2023-06-08T11:52:12.089Z] >>> [apiv2][query] GET https://firebase.googleapis.com/v1beta1/availableProjects pageSize=100
[debug] [2023-06-08T11:52:13.679Z] <<< [apiv2][status] GET https://firebase.googleapis.com/v1beta1/availableProjects 200
[debug] [2023-06-08T11:52:13.679Z] <<< [apiv2][body] GET https://firebase.googleapis.com/v1beta1/availableProjects [omitted]
[debug] [2023-06-08T11:52:38.199Z] ----------------------------------------------------------------------
[debug] [2023-06-08T11:52:38.201Z] Command:       C:\Program Files\nodejs\node.exe C:\Users\Sankula sivaiah\AppData\Roaming\npm\node_modules\firebase-tools\lib\bin\firebase.js init
[debug] [2023-06-08T11:52:38.202Z] CLI Version:   12.3.1
[debug] [2023-06-08T11:52:38.202Z] Platform:      win32
[debug] [2023-06-08T11:52:38.202Z] Node Version:  v18.15.0
[debug] [2023-06-08T11:52:38.205Z] Time:          Thu Jun 08 2023 17:22:38 GMT+0530 (India Standard Time)
[debug] [2023-06-08T11:52:38.206Z] ----------------------------------------------------------------------
[debug] 
[debug] [2023-06-08T11:52:38.216Z] > command requires scopes: ["email","openid","https://www.googleapis.com/auth/cloudplatformprojects.readonly","https://www.googleapis.com/auth/firebase","https://www.googleapis.com/auth/cloud-platform"]
[debug] [2023-06-08T11:52:38.217Z] > authorizing via signed-in user (sivaiah.sankula@xcubelabs.com)
[info] 
     ######## #### ########  ######## ########     ###     ######  ########
     ##        ##  ##     ## ##       ##     ##  ##   ##  ##       ##
     ######    ##  ########  ######   ########  #########  ######  ######
     ##        ##  ##    ##  ##       ##     ## ##     ##       ## ##
     ##       #### ##     ## ######## ########  ##     ##  ######  ########

You're about to initialize a Firebase project in this directory:

  C:\Users\Sankula sivaiah\OneDrive\Desktop\React\gameUpshot\game

[info] 
=== Project Setup
[info] 
[info] First, let's associate this project directory with a Firebase project.
[info] You can create multiple project aliases by running firebase use --add, 
[info] but for now we'll just set up a default project.
[info] 
[debug] [2023-06-08T11:53:02.602Z] >>> [apiv2][query] GET https://firebase.googleapis.com/v1beta1/projects pageSize=100
[debug] [2023-06-08T11:53:03.651Z] <<< [apiv2][status] GET https://firebase.googleapis.com/v1beta1/projects 200
[debug] [2023-06-08T11:53:03.651Z] <<< [apiv2][body] GET https://firebase.googleapis.com/v1beta1/projects [omitted]
[info] i  Using project jointhewords (jointhewords) 
[info] 
=== Hosting Setup
[info] 
[info] Your public directory is the folder (relative to your project directory) that
[info] will contain Hosting assets to be uploaded with firebase deploy. If you
[info] have a build process for your assets, use your build's output directory.
[info] 
[debug] [2023-06-08T11:53:17.282Z] >>> [apiv2][query] GET https://www.gstatic.com/firebasejs/releases.json [none]
[debug] [2023-06-08T11:53:18.483Z] <<< [apiv2][status] GET https://www.gstatic.com/firebasejs/releases.json 200
[debug] [2023-06-08T11:53:18.483Z] <<< [apiv2][body] GET https://www.gstatic.com/firebasejs/releases.json {"current":{"version":"9.22.1","browserURL":"https://www.gstatic.com/firebasejs/9.22.1/firebase.js","packageURL":"https://www.gstatic.com/firebasejs/9.22.1/firebase.tgz"},"live":{"version":"9.22","browserURL":"https://www.gstatic.com/firebasejs/live/9.22/firebase.js","packageURL":"https://www.gstatic.com/firebasejs/live/9.22/firebase.tgz"},"components":{"analytics":"https://www.gstatic.com/firebasejs/9.22.1/firebase-analytics.js","app":"https://www.gstatic.com/firebasejs/9.22.1/firebase-app.js","app-check":"https://www.gstatic.com/firebasejs/9.22.1/firebase-app-check.js","auth":"https://www.gstatic.com/firebasejs/9.22.1/firebase-auth.js","auth/cordova":"https://www.gstatic.com/firebasejs/9.22.1/firebase-auth/cordova.js","auth/react-native":"https://www.gstatic.com/firebasejs/9.22.1/firebase-auth/react-native.js","functions":"https://www.gstatic.com/firebasejs/9.22.1/firebase-functions.js","firestore":"https://www.gstatic.com/firebasejs/9.22.1/firebase-firestore.js","firestore/lite":"https://www.gstatic.com/firebasejs/9.22.1/firebase-firestore/lite.js","installations":"https://www.gstatic.com/firebasejs/9.22.1/firebase-installations.js","storage":"https://www.gstatic.com/firebasejs/9.22.1/firebase-storage.js","performance":"https://www.gstatic.com/firebasejs/9.22.1/firebase-performance.js","remote-config":"https://www.gstatic.com/firebasejs/9.22.1/firebase-remote-config.js","messaging":"https://www.gstatic.com/firebasejs/9.22.1/firebase-messaging.js","messaging/sw":"https://www.gstatic.com/firebasejs/9.22.1/firebase-messaging/sw.js","database":"https://www.gstatic.com/firebasejs/9.22.1/firebase-database.js","firestore.memory":"https://www.gstatic.com/firebasejs/9.22.1/firebase-firestore.memory.js"}}
[info] i  Skipping write of public/index.html 
[info] 
[info] i  Detected a .git folder at C:\Users\Sankula sivaiah\OneDrive\Desktop\React\gameUpshot\game 
[info] i  Authorizing with GitHub to upload your service account to a GitHub repository's secrets store. 
[info] 
[info] Visit this URL on this device to log in:
[info] https://github.com/login/oauth/authorize?client_id=89cf50f02ac6aaed3484&state=690453136&redirect_uri=http%3A%2F%2Flocalhost%3A9005&scope=read%3Auser%20repo%20public_repo
[info] 
[info] Waiting for authentication...
[debug] [2023-06-08T11:54:37.206Z] >>> [apiv2][query] POST https://github.com/login/oauth/access_token [none]
[debug] [2023-06-08T11:54:37.206Z] >>> [apiv2][body] POST https://github.com/login/oauth/access_token [stream]
[debug] [2023-06-08T11:54:37.664Z] <<< [apiv2][status] POST https://github.com/login/oauth/access_token 200
[debug] [2023-06-08T11:54:37.664Z] <<< [apiv2][body] POST https://github.com/login/oauth/access_token {"access_token":"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","token_type":"bearer","scope":"read:user,repo"}
[debug] [2023-06-08T11:54:37.679Z] >>> [apiv2][query] GET https://api.github.com/user [none]
[debug] [2023-06-08T11:54:38.228Z] <<< [apiv2][status] GET https://api.github.com/user 200
[debug] [2023-06-08T11:54:38.228Z] <<< [apiv2][body] GET https://api.github.com/user {"login":"sivasankula","id":88771844,"node_id":"MDQ6VXNlcjg4NzcxODQ0","avatar_url":"https://avatars.githubusercontent.com/u/88771844?v=4","gravatar_id":"","url":"https://api.github.com/users/sivasankula","html_url":"https://github.com/sivasankula","followers_url":"https://api.github.com/users/sivasankula/followers","following_url":"https://api.github.com/users/sivasankula/following{/other_user}","gists_url":"https://api.github.com/users/sivasankula/gists{/gist_id}","starred_url":"https://api.github.com/users/sivasankula/starred{/owner}{/repo}","subscriptions_url":"https://api.github.com/users/sivasankula/subscriptions","organizations_url":"https://api.github.com/users/sivasankula/orgs","repos_url":"https://api.github.com/users/sivasankula/repos","events_url":"https://api.github.com/users/sivasankula/events{/privacy}","received_events_url":"https://api.github.com/users/sivasankula/received_events","type":"User","site_admin":false,"name":null,"company":null,"blog":"","location":null,"email":null,"hireable":null,"bio":null,"twitter_username":null,"public_repos":14,"public_gists":0,"followers":1,"following":0,"created_at":"2021-08-11T09:18:05Z","updated_at":"2023-04-16T06:02:57Z","private_gists":0,"total_private_repos":2,"owned_private_repos":2,"disk_usage":3068,"collaborators":1,"two_factor_authentication":false,"plan":{"name":"free","space":976562499,"collaborators":0,"private_repos":10000}}
[info] 
[info] +  Success! Logged into GitHub as sivasankula 
[info] 
[debug] [2023-06-08T11:55:13.652Z] >>> [apiv2][query] GET https://api.github.com/repos/sivasankula/jointhewords/actions/secrets/public-key type=owner
[debug] [2023-06-08T11:55:14.080Z] <<< [apiv2][status] GET https://api.github.com/repos/sivasankula/jointhewords/actions/secrets/public-key 404
[debug] [2023-06-08T11:55:14.080Z] <<< [apiv2][body] GET https://api.github.com/repos/sivasankula/jointhewords/actions/secrets/public-key {"message":"Not Found","documentation_url":"https://docs.github.com/rest/reference/actions#get-a-repository-public-key"}
[info] 
[info] 
[error] !  The provided authorization cannot be used with this repository. If this repository is in an organization, did you remember to grant access? 
[info] 
[info] i  Action required: Visit this URL to ensure access has been granted to the appropriate organization(s) for the Firebase CLI GitHub OAuth App: 
[info] https://github.com/settings/connections/applications/89cf50f02ac6aaed3484
[info] 
[debug] [2023-06-08T11:55:19.550Z] >>> [apiv2][query] GET https://api.github.com/repos/sivasankula/jointhewords/actions/secrets/public-key type=owner
[debug] [2023-06-08T11:55:19.968Z] <<< [apiv2][status] GET https://api.github.com/repos/sivasankula/jointhewords/actions/secrets/public-key 404
[debug] [2023-06-08T11:55:19.968Z] <<< [apiv2][body] GET https://api.github.com/repos/sivasankula/jointhewords/actions/secrets/public-key {"message":"Not Found","documentation_url":"https://docs.github.com/rest/reference/actions#get-a-repository-public-key"}
[info] 
[info] 
[error] !  The provided authorization cannot be used with this repository. If this repository is in an organization, did you remember to grant access? 
[info] 
[info] i  Action required: Visit this URL to ensure access has been granted to the appropriate organization(s) for the Firebase CLI GitHub OAuth App: 
[info] https://github.com/settings/connections/applications/89cf50f02ac6aaed3484
[info] 
[debug] [2023-06-08T11:57:15.515Z] ----------------------------------------------------------------------
[debug] [2023-06-08T11:57:15.517Z] Command:       C:\Program Files\nodejs\node.exe C:\Users\Sankula sivaiah\AppData\Roaming\npm\node_modules\firebase-tools\lib\bin\firebase.js init
[debug] [2023-06-08T11:57:15.517Z] CLI Version:   12.3.1
[debug] [2023-06-08T11:57:15.518Z] Platform:      win32
[debug] [2023-06-08T11:57:15.518Z] Node Version:  v18.15.0
[debug] [2023-06-08T11:57:15.521Z] Time:          Thu Jun 08 2023 17:27:15 GMT+0530 (India Standard Time)
[debug] [2023-06-08T11:57:15.521Z] ----------------------------------------------------------------------
[debug] 
[debug] [2023-06-08T11:57:15.537Z] > command requires scopes: ["email","openid","https://www.googleapis.com/auth/cloudplatformprojects.readonly","https://www.googleapis.com/auth/firebase","https://www.googleapis.com/auth/cloud-platform"]
[debug] [2023-06-08T11:57:15.538Z] > authorizing via signed-in user (sivaiah.sankula@xcubelabs.com)
[info] 
     ######## #### ########  ######## ########     ###     ######  ########
     ##        ##  ##     ## ##       ##     ##  ##   ##  ##       ##
     ######    ##  ########  ######   ########  #########  ######  ######
     ##        ##  ##    ##  ##       ##     ## ##     ##       ## ##
     ##       #### ##     ## ######## ########  ##     ##  ######  ########

You're about to initialize a Firebase project in this directory:

  C:\Users\Sankula sivaiah\OneDrive\Desktop\React\gameUpshot\game

